<?xml version="1.0" encoding="UTF-8"?>
<testng-results skipped="0" failed="1" total="1" passed="0">
  <reporter-output>
    <line>
      <![CDATA[&emsp;<div class="test-title"> <strong><font size = "3" color = "#000080">Sample test[Browser&5.1&Android || GOOGLE ]</font> </strong> </div>&emsp;<div><strong>Steps:</strong></div><!-- Report -->&emsp;]]>
    </line>
    <line>
      <![CDATA[<div class="test-event"> <font color="maroon"> <small> &emsp; &emsp;--- 26 May 13:30:27 970 - Page URL:: https://www.google.com/</small> </font> </div>]]>
    </line>
    <line>
      <![CDATA[<div class="test-event"> <font color="maroon"> <small> &emsp; &emsp;--- 26 May 13:30:30 476 - Page URL:: https://www.google.com/</small> </font> </div>]]>
    </line>
    <line>
      <![CDATA[<div class="test-event"> <font color="maroon"> <small> &emsp; &emsp;--- 26 May 13:30:31 810 - Element is displayed:: [[RemoteWebDriver: chrome on ANDROID (714c122c69304a5d85f35bc1628cf290)] -> css selector: #lst-ib]</small> </font> </div>]]>
    </line>
    <line>
      <![CDATA[<div class="test-message">&emsp;Step 1. Navigated to 'google' Home Page!</div>]]>
    </line>
    <line>
      <![CDATA[<div class="test-event"> <font color="maroon"> <small> &emsp; &emsp;--- 26 May 13:30:32 620 - Element is displayed:: [[RemoteWebDriver: chrome on ANDROID (714c122c69304a5d85f35bc1628cf290)] -> css selector: #lst-ib]</small> </font> </div>]]>
    </line>
    <line>
      <![CDATA[<div class="test-event"> <font color="maroon"> <small> &emsp; &emsp;--- 26 May 13:30:35 338 - Element is displayed:: [[RemoteWebDriver: chrome on ANDROID (714c122c69304a5d85f35bc1628cf290)] -> css selector: div.sbico]</small> </font> </div>]]>
    </line>
    <line>
      <![CDATA[<div class="test-event"> <font color="maroon"> <small> &emsp; &emsp;--- 26 May 13:30:44 175 - Page URL:: https://www.google.com/search?site=&source=hp&ei=moanwywqhuhr0glaoymi&q=text&oq=text&gs_l=mobile-gws-hp.12..0l5.9239.9275.0.10936.5.3.0.1.1.0.149.331.1j2.3.0....0...1..64.mobile-gws-hp..2.2.271.0..0i131k1.bo6zz7anjpu</small> </font> </div>]]>
    </line>
  </reporter-output>
  <suite name="AFTA_DEMO" duration-ms="611822" started-at="2017-05-26T07:59:33Z" finished-at="2017-05-26T08:09:44Z">
    <groups>
    </groups>
    <test name="Aspire TA Generic Framework" duration-ms="611822" started-at="2017-05-26T07:59:33Z" finished-at="2017-05-26T08:09:44Z">
      <class name="com.TAFrameworkJAVA.testscripts.demo.AspireTA_Java_Framework_Demo">
        <test-method status="PASS" signature="beforeSuite()[pri:0, instance:com.TAFrameworkJAVA.testscripts.demo.AspireTA_Java_Framework_Demo@2d8f65a4]" name="beforeSuite" is-config="true" duration-ms="655" started-at="2017-05-26T13:29:32Z" finished-at="2017-05-26T13:29:33Z">
          <reporter-output>
          </reporter-output>
        </test-method> <!-- beforeSuite -->
        <test-method status="PASS" signature="init(org.testng.ITestContext)[pri:0, instance:com.TAFrameworkJAVA.testscripts.demo.AspireTA_Java_Framework_Demo@2d8f65a4]" name="init" is-config="true" duration-ms="1" started-at="2017-05-26T13:29:33Z" finished-at="2017-05-26T13:29:33Z">
          <params>
            <param index="0">
              <value>
                <![CDATA[org.testng.TestRunner@1eb5174b]]>
              </value>
            </param>
          </params>
          <reporter-output>
          </reporter-output>
        </test-method> <!-- init -->
        <test-method status="PASS" signature="beforeMethod()[pri:0, instance:com.TAFrameworkJAVA.testscripts.demo.AspireTA_Java_Framework_Demo@2d8f65a4]" name="beforeMethod" is-config="true" duration-ms="0" started-at="2017-05-26T13:29:33Z" finished-at="2017-05-26T13:29:33Z">
          <reporter-output>
          </reporter-output>
        </test-method> <!-- beforeMethod -->
        <test-method status="FAIL" signature="tcTAFrameworkJAVADemo01(java.lang.String)[pri:0, instance:com.TAFrameworkJAVA.testscripts.demo.AspireTA_Java_Framework_Demo@2d8f65a4]" name="tcTAFrameworkJAVADemo01" duration-ms="611749" started-at="2017-05-26T13:29:33Z" description="Search product in flipkart" data-provider="parallelTestDataProvider" finished-at="2017-05-26T13:39:44Z">
          <params>
            <param index="0">
              <value>
                <![CDATA[SauceLab link: <a href='http://saucelabs.com/jobs/714c122c69304a5d85f35bc1628cf290?auth=ab6410f0723fbc6bfb1fff97c48b9acd' target='_blank'>http://saucelabs.com/jobs/714c122c69304a5d85f35bc1628cf290?auth=ab6410f0723fbc6bfb1fff97c48b9acd</a>]]>
              </value>
            </param>
          </params>
          <exception class="org.openqa.selenium.WebDriverException">
            <message>
              <![CDATA[ERROR Internal Server Error (WARNING: The server did not provide any stacktrace information)
Command duration or timeout: 180.19 seconds
Build info: version: '2.53.1', revision: 'a36b8b1cd5757287168e54b817830adce9b0158d', time: '2016-06-30 19:26:09'
System info: host: 'aspire1235', ip: '11.16.10.206', os.name: 'Windows 7', os.arch: 'amd64', os.version: '6.1', java.version: '1.8.0_102'
Driver info: org.openqa.selenium.remote.RemoteWebDriver
Capabilities [{applicationCacheEnabled=false, rotatable=false, mobileEmulationEnabled=false, chrome={}, takesHeapSnapshot=true, hasMetadata=true, databaseEnabled=false, hasTouchScreen=false, handlesAlerts=true, version=39.0.0.0, platform=ANDROID, browserConnectionEnabled=false, nativeEvents=true, acceptSslCerts=true, webdriver.remote.sessionid=714c122c69304a5d85f35bc1628cf290, webStorageEnabled=true, locationContextEnabled=true, takesScreenshot=true, browserName=chrome, javascriptEnabled=true, cssSelectorsEnabled=true}]
Session ID: 714c122c69304a5d85f35bc1628cf290]]>
            </message>
            <full-stacktrace>
              <![CDATA[org.openqa.selenium.WebDriverException: ERROR Internal Server Error (WARNING: The server did not provide any stacktrace information)
Command duration or timeout: 180.19 seconds
Build info: version: '2.53.1', revision: 'a36b8b1cd5757287168e54b817830adce9b0158d', time: '2016-06-30 19:26:09'
System info: host: 'aspire1235', ip: '11.16.10.206', os.name: 'Windows 7', os.arch: 'amd64', os.version: '6.1', java.version: '1.8.0_102'
Driver info: org.openqa.selenium.remote.RemoteWebDriver
Capabilities [{applicationCacheEnabled=false, rotatable=false, mobileEmulationEnabled=false, chrome={}, takesHeapSnapshot=true, hasMetadata=true, databaseEnabled=false, hasTouchScreen=false, handlesAlerts=true, version=39.0.0.0, platform=ANDROID, browserConnectionEnabled=false, nativeEvents=true, acceptSslCerts=true, webdriver.remote.sessionid=714c122c69304a5d85f35bc1628cf290, webStorageEnabled=true, locationContextEnabled=true, takesScreenshot=true, browserName=chrome, javascriptEnabled=true, cssSelectorsEnabled=true}]
Session ID: 714c122c69304a5d85f35bc1628cf290
	at sun.reflect.NativeConstructorAccessorImpl.newInstance0(Native Method)
	at sun.reflect.NativeConstructorAccessorImpl.newInstance(NativeConstructorAccessorImpl.java:62)
	at sun.reflect.DelegatingConstructorAccessorImpl.newInstance(DelegatingConstructorAccessorImpl.java:45)
	at java.lang.reflect.Constructor.newInstance(Constructor.java:423)
	at org.openqa.selenium.remote.ErrorHandler.createThrowable(ErrorHandler.java:206)
	at org.openqa.selenium.remote.ErrorHandler.throwIfResponseFailed(ErrorHandler.java:158)
	at org.openqa.selenium.remote.RemoteWebDriver.execute(RemoteWebDriver.java:678)
	at org.openqa.selenium.remote.RemoteWebDriver.execute(RemoteWebDriver.java:701)
	at org.openqa.selenium.remote.RemoteWebDriver.getScreenshotAs(RemoteWebDriver.java:335)
	at com.TAFrameworkJAVA.support.ScreenshotManager.takeScreenshot(ScreenshotManager.java:26)
	at com.TAFrameworkJAVA.support.Log.takeScreenShot(Log.java:130)
	at com.TAFrameworkJAVA.support.Log.exception(Log.java:682)
	at com.TAFrameworkJAVA.testscripts.demo.AspireTA_Java_Framework_Demo.tcTAFrameworkJAVADemo01(AspireTA_Java_Framework_Demo.java:58)
	at sun.reflect.NativeMethodAccessorImpl.invoke0(Native Method)
	at sun.reflect.NativeMethodAccessorImpl.invoke(NativeMethodAccessorImpl.java:62)
	at sun.reflect.DelegatingMethodAccessorImpl.invoke(DelegatingMethodAccessorImpl.java:43)
	at java.lang.reflect.Method.invoke(Method.java:498)
	at org.testng.internal.MethodInvocationHelper.invokeMethod(MethodInvocationHelper.java:85)
	at org.testng.internal.Invoker.invokeMethod(Invoker.java:659)
	at org.testng.internal.Invoker.invokeTestMethod(Invoker.java:845)
	at org.testng.internal.TestMethodWithDataProviderMethodWorker.call(TestMethodWithDataProviderMethodWorker.java:75)
	at org.testng.internal.TestMethodWithDataProviderMethodWorker.call(TestMethodWithDataProviderMethodWorker.java:14)
	at java.util.concurrent.FutureTask.run(FutureTask.java:266)
	at java.util.concurrent.Executors$RunnableAdapter.call(Executors.java:511)
	at java.util.concurrent.FutureTask.run(FutureTask.java:266)
	at java.util.concurrent.ThreadPoolExecutor.runWorker(ThreadPoolExecutor.java:1142)
	at java.util.concurrent.ThreadPoolExecutor$Worker.run(ThreadPoolExecutor.java:617)
	at java.lang.Thread.run(Thread.java:745)
]]>
            </full-stacktrace>
          </exception> <!-- org.openqa.selenium.WebDriverException -->
          <reporter-output>
            <line>
              <![CDATA[&emsp;<div class="test-title"> <strong><font size = "3" color = "#000080">Sample test[Browser&5.1&Android || GOOGLE ]</font> </strong> </div>&emsp;<div><strong>Steps:</strong></div><!-- Report -->&emsp;]]>
            </line>
            <line>
              <![CDATA[<div class="test-event"> <font color="maroon"> <small> &emsp; &emsp;--- 26 May 13:30:27 970 - Page URL:: https://www.google.com/</small> </font> </div>]]>
            </line>
            <line>
              <![CDATA[<div class="test-event"> <font color="maroon"> <small> &emsp; &emsp;--- 26 May 13:30:30 476 - Page URL:: https://www.google.com/</small> </font> </div>]]>
            </line>
            <line>
              <![CDATA[<div class="test-event"> <font color="maroon"> <small> &emsp; &emsp;--- 26 May 13:30:31 810 - Element is displayed:: [[RemoteWebDriver: chrome on ANDROID (714c122c69304a5d85f35bc1628cf290)] -> css selector: #lst-ib]</small> </font> </div>]]>
            </line>
            <line>
              <![CDATA[<div class="test-message">&emsp;Step 1. Navigated to 'google' Home Page!</div>]]>
            </line>
            <line>
              <![CDATA[<div class="test-event"> <font color="maroon"> <small> &emsp; &emsp;--- 26 May 13:30:32 620 - Element is displayed:: [[RemoteWebDriver: chrome on ANDROID (714c122c69304a5d85f35bc1628cf290)] -> css selector: #lst-ib]</small> </font> </div>]]>
            </line>
            <line>
              <![CDATA[<div class="test-event"> <font color="maroon"> <small> &emsp; &emsp;--- 26 May 13:30:35 338 - Element is displayed:: [[RemoteWebDriver: chrome on ANDROID (714c122c69304a5d85f35bc1628cf290)] -> css selector: div.sbico]</small> </font> </div>]]>
            </line>
            <line>
              <![CDATA[<div class="test-event"> <font color="maroon"> <small> &emsp; &emsp;--- 26 May 13:30:44 175 - Page URL:: https://www.google.com/search?site=&source=hp&ei=moanwywqhuhr0glaoymi&q=text&oq=text&gs_l=mobile-gws-hp.12..0l5.9239.9275.0.10936.5.3.0.1.1.0.149.331.1j2.3.0....0...1..64.mobile-gws-hp..2.2.271.0..0i131k1.bo6zz7anjpu</small> </font> </div>]]>
            </line>
          </reporter-output>
        </test-method> <!-- tcTAFrameworkJAVADemo01 -->
        <test-method status="PASS" signature="afterMethod(org.testng.ITestContext)[pri:0, instance:com.TAFrameworkJAVA.testscripts.demo.AspireTA_Java_Framework_Demo@2d8f65a4]" name="afterMethod" is-config="true" duration-ms="1" started-at="2017-05-26T13:39:44Z" finished-at="2017-05-26T13:39:44Z">
          <params>
            <param index="0">
              <value>
                <![CDATA[org.testng.TestRunner@1eb5174b]]>
              </value>
            </param>
          </params>
          <reporter-output>
          </reporter-output>
        </test-method> <!-- afterMethod -->
        <test-method status="PASS" signature="afterSuite()[pri:0, instance:com.TAFrameworkJAVA.testscripts.demo.AspireTA_Java_Framework_Demo@2d8f65a4]" name="afterSuite" is-config="true" duration-ms="305" started-at="2017-05-26T13:39:45Z" finished-at="2017-05-26T13:39:45Z">
          <reporter-output>
          </reporter-output>
        </test-method> <!-- afterSuite -->
      </class> <!-- com.TAFrameworkJAVA.testscripts.demo.AspireTA_Java_Framework_Demo -->
    </test> <!-- Aspire TA Generic Framework -->
  </suite> <!-- AFTA_DEMO -->
</testng-results>
