<?xml version="1.0" encoding="UTF-8"?>
<testsuite xmlns:xsi="http://www.w3.org/2001/XMLSchema-instance" xsi:schemaLocation="https://maven.apache.org/surefire/maven-surefire-plugin/xsd/surefire-test-report.xsd" name="TestSuite" time="613.576" tests="1" errors="0" skipped="0" failures="1">
  <properties>
[...]
</properties>
  <testcase name="tcTAFrameworkJAVADemo01" classname="com.TAFrameworkJAVA.testscripts.demo.AspireTA_Java_Framework_Demo" time="611.77">
    <failure message="ERROR Internal Server Error (WARNING: The server did not provide any stacktrace information)&#10;Command duration or timeout: 180.19 seconds&#10;Build info: version: &apos;2.53.1&apos;, revision: &apos;a36b8b1cd5757287168e54b817830adce9b0158d&apos;, time: &apos;2016-06-30 19:26:09&apos;&#10;System info: host: &apos;aspire1235&apos;, ip: &apos;11.16.10.206&apos;, os.name: &apos;Windows 7&apos;, os.arch: &apos;amd64&apos;, os.version: &apos;6.1&apos;, java.version: &apos;1.8.0_102&apos;&#10;Driver info: org.openqa.selenium.remote.RemoteWebDriver&#10;Capabilities [{applicationCacheEnabled=false, rotatable=false, mobileEmulationEnabled=false, chrome={}, takesHeapSnapshot=true, hasMetadata=true, databaseEnabled=false, hasTouchScreen=false, handlesAlerts=true, version=39.0.0.0, platform=ANDROID, browserConnectionEnabled=false, nativeEvents=true, acceptSslCerts=true, webdriver.remote.sessionid=714c122c69304a5d85f35bc1628cf290, webStorageEnabled=true, locationContextEnabled=true, takesScreenshot=true, browserName=chrome, javascriptEnabled=true, cssSelectorsEnabled=true}]&#10;Session ID: 714c122c69304a5d85f35bc1628cf290" type="org.openqa.selenium.WebDriverException">org.openqa.selenium.WebDriverException: 
ERROR Internal Server Error (WARNING: The server did not provide any stacktrace information)
Command duration or timeout: 180.19 seconds
Build info: version: '2.53.1', revision: 'a36b8b1cd5757287168e54b817830adce9b0158d', time: '2016-06-30 19:26:09'
System info: host: 'aspire1235', ip: '11.16.10.206', os.name: 'Windows 7', os.arch: 'amd64', os.version: '6.1', java.version: '1.8.0_102'
Driver info: org.openqa.selenium.remote.RemoteWebDriver
Capabilities [{applicationCacheEnabled=false, rotatable=false, mobileEmulationEnabled=false, chrome={}, takesHeapSnapshot=true, hasMetadata=true, databaseEnabled=false, hasTouchScreen=false, handlesAlerts=true, version=39.0.0.0, platform=ANDROID, browserConnectionEnabled=false, nativeEvents=true, acceptSslCerts=true, webdriver.remote.sessionid=714c122c69304a5d85f35bc1628cf290, webStorageEnabled=true, locationContextEnabled=true, takesScreenshot=true, browserName=chrome, javascriptEnabled=true, cssSelectorsEnabled=true}]
Session ID: 714c122c69304a5d85f35bc1628cf290
	at com.TAFrameworkJAVA.testscripts.demo.AspireTA_Java_Framework_Demo.tcTAFrameworkJAVADemo01(AspireTA_Java_Framework_Demo.java:58)
</failure>
    <system-out><![CDATA[...
... TestNG 6.9.4 by Cédric Beust (cedric@beust.com)
...

name bnandhini1234
26-May-2017 13:30:24:033 INFO  [PoolService-0]  
26-May-2017 13:30:24:075 INFO  [PoolService-0] ****             Sample test[Browser&5.1&Android || GOOGLE ]             ***** 
26-May-2017 13:30:24:075 INFO  [PoolService-0]  
26-May-2017 13:30:27:970 DEBUG [PoolService-0] Page URL:: https://www.google.com/ 
26-May-2017 13:30:30:476 DEBUG [PoolService-0] Page URL:: https://www.google.com/ 
26-May-2017 13:30:31:811 DEBUG [PoolService-0] Element is displayed:: [[RemoteWebDriver: chrome on ANDROID (714c122c69304a5d85f35bc1628cf290)] -> css selector: #lst-ib] 
26-May-2017 13:30:31:811 INFO  [PoolService-0] Step 1. Navigated to 'google' Home Page! 
26-May-2017 13:30:32:620 DEBUG [PoolService-0] Element is displayed:: [[RemoteWebDriver: chrome on ANDROID (714c122c69304a5d85f35bc1628cf290)] -> css selector: #lst-ib] 
26-May-2017 13:30:35:338 DEBUG [PoolService-0] Element is displayed:: [[RemoteWebDriver: chrome on ANDROID (714c122c69304a5d85f35bc1628cf290)] -> css selector: div.sbico] 
26-May-2017 13:30:44:175 DEBUG [PoolService-0] Page URL:: https://www.google.com/search?site=&source=hp&ei=moanwywqhuhr0glaoymi&q=text&oq=text&gs_l=mobile-gws-hp.12..0l5.9239.9275.0.10936.5.3.0.1.1.0.149.331.1j2.3.0....0...1..64.mobile-gws-hp..2.2.271.0..0i131k1.bo6zz7anjpu 
26-May-2017 13:39:44:538 INFO  [PoolService-0] ****             -E---N---D-             ***** 
]]></system-out>
    <system-err><![CDATA[SLF4J: Class path contains multiple SLF4J bindings.
SLF4J: Found binding in [jar:file:/C:/Users/nandhini.bala.ASPIRESYS/.m2/repository/org/slf4j/slf4j-log4j12/1.7.21/slf4j-log4j12-1.7.21.jar!/org/slf4j/impl/StaticLoggerBinder.class]
SLF4J: Found binding in [jar:file:/C:/Users/nandhini.bala.ASPIRESYS/.m2/repository/org/apache/jmeter/ApacheJMeter_core/3.0/ApacheJMeter_core-3.0.jar!/org/slf4j/impl/StaticLoggerBinder.class]
SLF4J: See http://www.slf4j.org/codes.html#multiple_bindings for an explanation.
SLF4J: Actual binding is of type [org.slf4j.impl.Log4jLoggerFactory]
]]></system-err>
  </testcase>
</testsuite>