<?xml version="1.0" encoding="UTF-8"?>
<!-- Generated by org.testng.reporters.JUnitXMLReporter -->
<testsuite hostname="aspire1265" name="Test" tests="1" failures="0" timestamp="18 Jul 2018 07:01:47 GMT" time="0.031" errors="0">
  <testcase name="@BeforeTest init" time="0.0" classname="com.TAFrameworkJAVA.testscripts.demo.AspireTA_Java_Framework_Demo">
    <failure type="java.lang.NullPointerException">
      <![CDATA[java.lang.NullPointerException
	at com.TAFrameworkJAVA.support.BaseTest.init(BaseTest.java:33)
... Removed 22 stack frames]]>
    </failure>
  </testcase> <!-- @BeforeTest init -->
  <testcase name="TcHostedCheckout001" time="0.0" classname="com.TAFrameworkJAVA.testscripts.demo.AspireTA_Java_Framework_Demo">
    <skipped/>
  </testcase> <!-- TcHostedCheckout001 -->
</testsuite> <!-- Test -->
