<?xml version="1.0" encoding="UTF-8"?>
<testng-results skipped="0" failed="1" total="1" passed="0">
  <reporter-output>
    <line>
      <![CDATA[&emsp;<div class="test-title"> <strong><font size = "3" color = "#000080">Making payment using Ingenico Hosted Checkout service for registered customers[Chrome ]</font> </strong> </div>&emsp;<div><strong>Steps:</strong></div><!-- Report -->&emsp;]]>
    </line>
    <line>
      <![CDATA[<div class="test-event"> <font color="maroon"> <small> &emsp; &emsp;--- 30 Jul 13:37:40 118 - <b>1</b> - Driver::initialize::Get - com.genric.support.WebDriverFactory.get(WebDriverFactory.java:523)</small> </font> </div>]]>
    </line>
    <line>
      <![CDATA[<div class="test-event"> <font color="maroon"> <small> &emsp; &emsp;--- 30 Jul 13:37:40 287 - Page URL:: data:,</small> </font> </div>]]>
    </line>
    <line>
      <![CDATA[<div class="test-message">&emsp;Login page Launched successfully!! &emsp;<a href=".\ScreenShot\TcHostedCheckout001_1.png" target="_blank" >[ScreenShot]</a></div>]]>
    </line>
    <line>
      <![CDATA[<div class="test-event"> <font color="maroon"> <small> &emsp; &emsp;--- 30 Jul 13:37:44 255 - Page URL:: https://sandbox.account.ingenico.com/#/login</small> </font> </div>]]>
    </line>
    <line>
      <![CDATA[<div class="test-event"> <font color="maroon"> <small> &emsp; &emsp;--- 30 Jul 13:37:44 326 - Page URL:: https://sandbox.account.ingenico.com/#/login</small> </font> </div>]]>
    </line>
    <line>
      <![CDATA[<div class="test-event"> <font color="maroon"> <small> &emsp; &emsp;--- 30 Jul 13:37:44 525 - Element is displayed:: [[RemoteWebDriver: chrome on XP (f1355d3ed52d8a31e49cd3d8faf5c4c1)] -> css selector: button[ng-click='login()']]</small> </font> </div>]]>
    </line>
    <line>
      <![CDATA[<div class="test-message">&emsp;Step 1. Ingenico login page loaded successfully!! &emsp;<a href=".\ScreenShot\TcHostedCheckout001_2.png" target="_blank" >[ScreenShot]</a></div>]]>
    </line>
    <line>
      <![CDATA[<div class="test-event"> <font color="maroon"> <small> &emsp; &emsp;--- 30 Jul 13:37:44 999 - Page URL:: https://sandbox.account.ingenico.com/#/login</small> </font> </div>]]>
    </line>
    <line>
      <![CDATA[<div class="test-event"> <font color="maroon"> <small> &emsp; &emsp;--- 30 Jul 13:37:45 106 - Element is displayed:: [[RemoteWebDriver: chrome on XP (f1355d3ed52d8a31e49cd3d8faf5c4c1)] -> css selector: input[id='loginName']]</small> </font> </div>]]>
    </line>
    <line>
      <![CDATA[<div class="test-message">&emsp;Username entered in username field is: lakshmi.nagandla@aspiresys.com</div>]]>
    </line>
    <line>
      <![CDATA[<div class="test-event"> <font color="maroon"> <small> &emsp; &emsp;--- 30 Jul 13:37:45 478 - Element is displayed:: [[RemoteWebDriver: chrome on XP (f1355d3ed52d8a31e49cd3d8faf5c4c1)] -> css selector: input[id='loginPassword']]</small> </font> </div>]]>
    </line>
    <line>
      <![CDATA[<div class="test-message">&emsp;Password entered in password field is: May@2018</div>]]>
    </line>
    <line>
      <![CDATA[<div class="test-event"> <font color="maroon"> <small> &emsp; &emsp;--- 30 Jul 13:37:45 750 - Element is displayed:: [[RemoteWebDriver: chrome on XP (f1355d3ed52d8a31e49cd3d8faf5c4c1)] -> css selector: button[ng-click='login()']]</small> </font> </div>]]>
    </line>
    <line>
      <![CDATA[<div class="test-event"> <font color="maroon"> <small> &emsp; &emsp;--- 30 Jul 13:37:45 905 - Page URL:: https://sandbox.account.ingenico.com/#/login</small> </font> </div>]]>
    </line>
    <line>
      <![CDATA[<div class="test-message">&emsp;Loign button is clicked:</div>]]>
    </line>
    <line>
      <![CDATA[<div class="test-event"> <font color="maroon"> <small> &emsp; &emsp;--- 30 Jul 13:37:45 964 - Page URL:: https://sandbox.account.ingenico.com/#/login</small> </font> </div>]]>
    </line>
    <line>
      <![CDATA[<div class="test-message">&emsp;Dashboard page Launched successfully!! &emsp;<a href=".\ScreenShot\TcHostedCheckout001_3.png" target="_blank" >[ScreenShot]</a></div>]]>
    </line>
    <line>
      <![CDATA[<div class="test-message">&emsp;Step 2. Dashboard page displayed after login into ingenico with valid credentials!!&emsp;<a href=".\ScreenShot\TcHostedCheckout001_4.png" target="_blank" >[ScreenShot]</a></div>]]>
    </line>
    <line>
      <![CDATA[<div class="test-event"> <font color="maroon"> <small> &emsp; &emsp;--- 30 Jul 13:37:46 900 - Element is displayed:: [[RemoteWebDriver: chrome on XP (f1355d3ed52d8a31e49cd3d8faf5c4c1)] -> css selector: a[href*='apikey']]</small> </font> </div>]]>
    </line>
    <line>
      <![CDATA[<div class="test-message">&emsp;MyAPIKey link is clicked:</div>]]>
    </line>
    <line>
      <![CDATA[<div class="test-event"> <font color="maroon"> <small> &emsp; &emsp;--- 30 Jul 13:37:47 145 - Page URL:: https://sandbox.account.ingenico.com/#/account/apikey</small> </font> </div>]]>
    </line>
    <line>
      <![CDATA[<div class="test-message">&emsp;API Keys page Launched successfully!! &emsp;<a href=".\ScreenShot\TcHostedCheckout001_5.png" target="_blank" >[ScreenShot]</a></div>]]>
    </line>
    <line>
      <![CDATA[<div class="test-event"> <font color="maroon"> <small> &emsp; &emsp;--- 30 Jul 13:37:47 616 - Page URL:: https://sandbox.account.ingenico.com/#/account/apikey</small> </font> </div>]]>
    </line>
    <line>
      <![CDATA[<div class="test-event"> <font color="maroon"> <small> &emsp; &emsp;--- 30 Jul 13:37:47 718 - Page URL:: https://sandbox.account.ingenico.com/#/account/apikey</small> </font> </div>]]>
    </line>
    <line>
      <![CDATA[<div class="test-message">&emsp;Step 3. Able to view APIKey: 104c4a7dc55f4cca SeceretKey: LcvgwvmFNt01UNvFsgQG3S94rUd5fgKnSVpL1732UBQ= successfully!! &emsp;<a href=".\ScreenShot\TcHostedCheckout001_6.png" target="_blank" >[ScreenShot]</a></div>]]>
    </line>
    <line>
      <![CDATA[<div class="test-message">&emsp;The Created Authentication Signature  :GCS v1HMAC:104c4a7dc55f4cca:SlKeGvsaRNK54vWEnoFeizXfQrgArZlpTHsLBAzxnVs=</div>]]>
    </line>
    <line>
      <![CDATA[&emsp;<div class="test-title"> <strong><font size = "3" color = "#000080"></font> </strong> </div>&emsp;<div><strong>Steps:</strong></div>&emsp;]]>
    </line>
    <line>
      <![CDATA[<div class="test-message">&emsp;Request URI is =>  https://api-sandbox.globalcollect.com/v1/2270/hostedcheckouts</div>]]>
    </line>
    <line>
      <![CDATA[<div class="test-message">&emsp;Request URI is =>  https://api-sandbox.globalcollect.com/v1/2270/hostedcheckouts</div>]]>
    </line>
    <line>
      <![CDATA[<div class="test-message">&emsp;Request Headers Are:</div>]]>
    </line>
    <line>
      <![CDATA[<div class="test-message">&emsp;Request Headers Are:</div>]]>
    </line>
    <line>
      <![CDATA[<div class="test-message">&emsp;Authorization:GCS v1HMAC:104c4a7dc55f4cca:SlKeGvsaRNK54vWEnoFeizXfQrgArZlpTHsLBAzxnVs=</div>]]>
    </line>
    <line>
      <![CDATA[<div class="test-message">&emsp;Authorization:GCS v1HMAC:104c4a7dc55f4cca:SlKeGvsaRNK54vWEnoFeizXfQrgArZlpTHsLBAzxnVs=</div>]]>
    </line>
    <line>
      <![CDATA[<div class="test-message">&emsp;X-GCS-RequestId:1cc6daff-a305-4d7b-94b0-c580fd5ba6b4</div>]]>
    </line>
    <line>
      <![CDATA[<div class="test-message">&emsp;X-GCS-RequestId:1cc6daff-a305-4d7b-94b0-c580fd5ba6b4</div>]]>
    </line>
    <line>
      <![CDATA[<div class="test-message">&emsp;Content-Type:application/json; charset=utf-8</div>]]>
    </line>
    <line>
      <![CDATA[<div class="test-message">&emsp;Content-Type:application/json; charset=utf-8</div>]]>
    </line>
    <line>
      <![CDATA[<div class="test-message">&emsp;X-GCS-MessageId:6480071e-039d-4dca-a966-4ce3c1bc201b</div>]]>
    </line>
    <line>
      <![CDATA[<div class="test-message">&emsp;X-GCS-MessageId:6480071e-039d-4dca-a966-4ce3c1bc201b</div>]]>
    </line>
    <line>
      <![CDATA[<div class="test-message">&emsp;Date:Mon, 30 Jul 2018 08:07:36 GMT</div>]]>
    </line>
    <line>
      <![CDATA[<div class="test-message">&emsp;Date:Mon, 30 Jul 2018 08:07:36 GMT</div>]]>
    </line>
    <line>
      <![CDATA[<div class="test-message">&emsp;Request Body is =>  {
  "order" : {
    "customer" : {
      "merchantCustomerId" : 2281,
      "billingAddress" : {
        "countryCode" : "NL"
      }
    },
    "amountOfMoney" : {
      "currencyCode" : "EUR",
      "amount" : 100
    }
  },
  "hostedCheckoutSpecificInput" : {
    "variant" : "testVariant",
    "locale" : "en_GB"
  }
}</div>]]>
    </line>
    <line>
      <![CDATA[<div class="test-message">&emsp;Request Body is =>  {
  "order" : {
    "customer" : {
      "merchantCustomerId" : 2281,
      "billingAddress" : {
        "countryCode" : "NL"
      }
    },
    "amountOfMoney" : {
      "currencyCode" : "EUR",
      "amount" : 100
    }
  },
  "hostedCheckoutSpecificInput" : {
    "variant" : "testVariant",
    "locale" : "en_GB"
  }
}</div>]]>
    </line>
    <line>
      <![CDATA[<div class="test-result"><br><font color="red"><strong> Connection refused: connect </strong></font> <a href=".\ScreenShot\TcHostedCheckout001_7.png" target="_blank" >[ScreenShot]</a></div>&emsp;]]>
    </line>
  </reporter-output>
  <suite name="AFTA_DEMO" duration-ms="17507" started-at="2018-07-30T08:07:35Z" finished-at="2018-07-30T08:07:52Z">
    <groups>
    </groups>
    <test name="Aspire TA Generic Framework" duration-ms="17507" started-at="2018-07-30T08:07:35Z" finished-at="2018-07-30T08:07:52Z">
      <class name="com.igenico.testscripts.IngenicoPayment_CheckOutService">
        <test-method status="PASS" signature="beforeSuite()[pri:0, instance:com.igenico.testscripts.IngenicoPayment_CheckOutService@401e7803]" name="beforeSuite" is-config="true" duration-ms="583" started-at="2018-07-30T08:07:34Z" finished-at="2018-07-30T08:07:35Z">
          <reporter-output>
          </reporter-output>
        </test-method> <!-- beforeSuite -->
        <test-method status="PASS" signature="init(org.testng.ITestContext)[pri:0, instance:com.igenico.testscripts.IngenicoPayment_CheckOutService@401e7803]" name="init" is-config="true" duration-ms="1" started-at="2018-07-30T08:07:35Z" finished-at="2018-07-30T08:07:35Z">
          <params>
            <param index="0">
              <value>
                <![CDATA[org.testng.TestRunner@72c77392]]>
              </value>
            </param>
          </params>
          <reporter-output>
          </reporter-output>
        </test-method> <!-- init -->
        <test-method status="PASS" signature="beforeMethod()[pri:0, instance:com.igenico.testscripts.IngenicoPayment_CheckOutService@401e7803]" name="beforeMethod" is-config="true" duration-ms="1" started-at="2018-07-30T08:07:35Z" finished-at="2018-07-30T08:07:35Z">
          <reporter-output>
          </reporter-output>
        </test-method> <!-- beforeMethod -->
        <test-method status="FAIL" signature="TcHostedCheckout001(java.lang.String)[pri:0, instance:com.igenico.testscripts.IngenicoPayment_CheckOutService@401e7803]" name="TcHostedCheckout001" duration-ms="12652" started-at="2018-07-30T08:07:40Z" description="Making payment using Ingenico Hosted Checkout service for registered customers" data-provider="parallelTestDataProvider" finished-at="2018-07-30T08:07:52Z">
          <params>
            <param index="0">
              <value>
                <![CDATA[(Browser: chrome, Hub: Aspirenav207, Node: LOCALHOST), chrome_XP]]>
              </value>
            </param>
          </params>
          <exception class="java.net.ConnectException">
            <message>
              <![CDATA[Connection refused: connect]]>
            </message>
            <full-stacktrace>
              <![CDATA[java.net.ConnectException: Connection refused: connect
	at java.net.DualStackPlainSocketImpl.connect0(Native Method)
	at java.net.DualStackPlainSocketImpl.socketConnect(Unknown Source)
	at java.net.AbstractPlainSocketImpl.doConnect(Unknown Source)
	at java.net.AbstractPlainSocketImpl.connectToAddress(Unknown Source)
	at java.net.AbstractPlainSocketImpl.connect(Unknown Source)
	at java.net.PlainSocketImpl.connect(Unknown Source)
	at java.net.SocksSocketImpl.connect(Unknown Source)
	at java.net.Socket.connect(Unknown Source)
	at sun.security.ssl.SSLSocketImpl.connect(Unknown Source)
	at org.apache.http.conn.ssl.SSLSocketFactory.connectSocket(SSLSocketFactory.java:522)
	at org.apache.http.conn.ssl.SSLSocketFactory.connectSocket(SSLSocketFactory.java:401)
	at org.apache.http.impl.conn.DefaultClientConnectionOperator.openConnection(DefaultClientConnectionOperator.java:177)
	at org.apache.http.impl.conn.ManagedClientConnectionImpl.open(ManagedClientConnectionImpl.java:304)
	at org.apache.http.impl.client.DefaultRequestDirector.tryConnect(DefaultRequestDirector.java:611)
	at org.apache.http.impl.client.DefaultRequestDirector.execute(DefaultRequestDirector.java:446)
	at org.apache.http.impl.client.AbstractHttpClient.doExecute(AbstractHttpClient.java:863)
	at org.apache.http.impl.client.CloseableHttpClient.execute(CloseableHttpClient.java:82)
	at org.apache.http.impl.client.CloseableHttpClient.execute(CloseableHttpClient.java:57)
	at org.apache.http.client.HttpClient$execute$0.call(Unknown Source)
	at org.codehaus.groovy.runtime.callsite.CallSiteArray.defaultCall(CallSiteArray.java:48)
	at org.codehaus.groovy.runtime.callsite.AbstractCallSite.call(AbstractCallSite.java:113)
	at org.codehaus.groovy.runtime.callsite.AbstractCallSite.call(AbstractCallSite.java:133)
	at com.jayway.restassured.internal.RequestSpecificationImpl$RestAssuredHttpBuilder.doRequest(RequestSpecificationImpl.groovy:1974)
	at com.jayway.restassured.internal.http.HTTPBuilder.post(HTTPBuilder.java:341)
	at com.jayway.restassured.internal.http.HTTPBuilder$post$2.call(Unknown Source)
	at org.codehaus.groovy.runtime.callsite.CallSiteArray.defaultCall(CallSiteArray.java:48)
	at org.codehaus.groovy.runtime.callsite.AbstractCallSite.call(AbstractCallSite.java:113)
	at org.codehaus.groovy.runtime.callsite.AbstractCallSite.call(AbstractCallSite.java:133)
	at com.jayway.restassured.internal.RequestSpecificationImpl.sendRequest(RequestSpecificationImpl.groovy:1159)
	at sun.reflect.NativeMethodAccessorImpl.invoke0(Native Method)
	at sun.reflect.NativeMethodAccessorImpl.invoke(Unknown Source)
	at sun.reflect.DelegatingMethodAccessorImpl.invoke(Unknown Source)
	at java.lang.reflect.Method.invoke(Unknown Source)
	at org.codehaus.groovy.reflection.CachedMethod.invoke(CachedMethod.java:93)
	at groovy.lang.MetaMethod.doMethodInvoke(MetaMethod.java:325)
	at groovy.lang.MetaClassImpl.invokeMethod(MetaClassImpl.java:1212)
	at groovy.lang.MetaClassImpl.invokeMethod(MetaClassImpl.java:1021)
	at groovy.lang.MetaClassImpl.invokeMethod(MetaClassImpl.java:812)
	at com.jayway.restassured.internal.RequestSpecificationImpl.invokeMethod(RequestSpecificationImpl.groovy)
	at org.codehaus.groovy.runtime.callsite.PogoInterceptableSite.call(PogoInterceptableSite.java:48)
	at org.codehaus.groovy.runtime.callsite.CallSiteArray.defaultCall(CallSiteArray.java:48)
	at org.codehaus.groovy.runtime.callsite.AbstractCallSite.call(AbstractCallSite.java:113)
	at org.codehaus.groovy.runtime.callsite.AbstractCallSite.call(AbstractCallSite.java:149)
	at com.jayway.restassured.internal.filter.SendRequestFilter.filter(SendRequestFilter.groovy:30)
	at com.jayway.restassured.filter.Filter$filter$0.call(Unknown Source)
	at org.codehaus.groovy.runtime.callsite.CallSiteArray.defaultCall(CallSiteArray.java:48)
	at com.jayway.restassured.filter.Filter$filter.call(Unknown Source)
	at com.jayway.restassured.internal.filter.FilterContextImpl.next(FilterContextImpl.groovy:73)
	at com.jayway.restassured.filter.time.TimingFilter.filter(TimingFilter.java:56)
	at com.jayway.restassured.filter.Filter$filter.call(Unknown Source)
	at org.codehaus.groovy.runtime.callsite.CallSiteArray.defaultCall(CallSiteArray.java:48)
	at org.codehaus.groovy.runtime.callsite.AbstractCallSite.call(AbstractCallSite.java:113)
	at org.codehaus.groovy.runtime.callsite.AbstractCallSite.call(AbstractCallSite.java:141)
	at com.jayway.restassured.internal.filter.FilterContextImpl.next(FilterContextImpl.groovy:73)
	at com.jayway.restassured.filter.FilterContext$next.call(Unknown Source)
	at org.codehaus.groovy.runtime.callsite.CallSiteArray.defaultCall(CallSiteArray.java:48)
	at org.codehaus.groovy.runtime.callsite.AbstractCallSite.call(AbstractCallSite.java:113)
	at org.codehaus.groovy.runtime.callsite.AbstractCallSite.call(AbstractCallSite.java:133)
	at com.jayway.restassured.internal.RequestSpecificationImpl.applyPathParamsAndSendRequest(RequestSpecificationImpl.groovy:1596)
	at sun.reflect.NativeMethodAccessorImpl.invoke0(Native Method)
	at sun.reflect.NativeMethodAccessorImpl.invoke(Unknown Source)
	at sun.reflect.DelegatingMethodAccessorImpl.invoke(Unknown Source)
	at java.lang.reflect.Method.invoke(Unknown Source)
	at org.codehaus.groovy.reflection.CachedMethod.invoke(CachedMethod.java:93)
	at groovy.lang.MetaMethod.doMethodInvoke(MetaMethod.java:325)
	at groovy.lang.MetaClassImpl.invokeMethod(MetaClassImpl.java:1212)
	at groovy.lang.MetaClassImpl.invokeMethod(MetaClassImpl.java:1021)
	at groovy.lang.MetaClassImpl.invokeMethod(MetaClassImpl.java:812)
	at com.jayway.restassured.internal.RequestSpecificationImpl.invokeMethod(RequestSpecificationImpl.groovy)
	at org.codehaus.groovy.runtime.callsite.PogoInterceptableSite.call(PogoInterceptableSite.java:48)
	at org.codehaus.groovy.runtime.callsite.PogoInterceptableSite.callCurrent(PogoInterceptableSite.java:58)
	at org.codehaus.groovy.runtime.callsite.CallSiteArray.defaultCallCurrent(CallSiteArray.java:52)
	at org.codehaus.groovy.runtime.callsite.AbstractCallSite.callCurrent(AbstractCallSite.java:154)
	at org.codehaus.groovy.runtime.callsite.AbstractCallSite.callCurrent(AbstractCallSite.java:182)
	at com.jayway.restassured.internal.RequestSpecificationImpl.post(RequestSpecificationImpl.groovy:164)
	at com.jayway.restassured.internal.RequestSpecificationImpl.post(RequestSpecificationImpl.groovy)
	at sun.reflect.NativeMethodAccessorImpl.invoke0(Native Method)
	at sun.reflect.NativeMethodAccessorImpl.invoke(Unknown Source)
	at sun.reflect.DelegatingMethodAccessorImpl.invoke(Unknown Source)
	at java.lang.reflect.Method.invoke(Unknown Source)
	at org.codehaus.groovy.reflection.CachedMethod.invoke(CachedMethod.java:93)
	at groovy.lang.MetaMethod.doMethodInvoke(MetaMethod.java:325)
	at groovy.lang.MetaClassImpl.invokeMethod(MetaClassImpl.java:1212)
	at groovy.lang.MetaClassImpl.invokeMethod(MetaClassImpl.java:1021)
	at groovy.lang.MetaClassImpl.invokeMethod(MetaClassImpl.java:812)
	at com.jayway.restassured.internal.RequestSpecificationImpl.invokeMethod(RequestSpecificationImpl.groovy)
	at org.codehaus.groovy.runtime.callsite.PogoInterceptableSite.call(PogoInterceptableSite.java:48)
	at org.codehaus.groovy.runtime.callsite.PogoInterceptableSite.callCurrent(PogoInterceptableSite.java:58)
	at org.codehaus.groovy.runtime.callsite.CallSiteArray.defaultCallCurrent(CallSiteArray.java:52)
	at org.codehaus.groovy.runtime.callsite.AbstractCallSite.callCurrent(AbstractCallSite.java:154)
	at org.codehaus.groovy.runtime.callsite.AbstractCallSite.callCurrent(AbstractCallSite.java:166)
	at com.jayway.restassured.internal.RequestSpecificationImpl.post(RequestSpecificationImpl.groovy:248)
	at com.jayway.restassured.internal.RequestSpecificationImpl.post(RequestSpecificationImpl.groovy)
	at com.igenico.checkout.RestClient.sendRequest(RestClient.java:65)
	at com.igenico.checkout.CheckOutRequest.callCheckoutService(CheckOutRequest.java:59)
	at com.igenico.testscripts.IngenicoPayment_CheckOutService.TcHostedCheckout001(IngenicoPayment_CheckOutService.java:63)
	at sun.reflect.NativeMethodAccessorImpl.invoke0(Native Method)
	at sun.reflect.NativeMethodAccessorImpl.invoke(Unknown Source)
	at sun.reflect.DelegatingMethodAccessorImpl.invoke(Unknown Source)
	at java.lang.reflect.Method.invoke(Unknown Source)
	at org.testng.internal.MethodInvocationHelper.invokeMethod(MethodInvocationHelper.java:85)
	at org.testng.internal.Invoker.invokeMethod(Invoker.java:659)
	at org.testng.internal.Invoker.invokeTestMethod(Invoker.java:845)
	at org.testng.internal.TestMethodWithDataProviderMethodWorker.call(TestMethodWithDataProviderMethodWorker.java:75)
	at org.testng.internal.TestMethodWithDataProviderMethodWorker.call(TestMethodWithDataProviderMethodWorker.java:14)
	at java.util.concurrent.FutureTask.run(Unknown Source)
	at java.util.concurrent.Executors$RunnableAdapter.call(Unknown Source)
	at java.util.concurrent.FutureTask.run(Unknown Source)
	at java.util.concurrent.ThreadPoolExecutor.runWorker(Unknown Source)
	at java.util.concurrent.ThreadPoolExecutor$Worker.run(Unknown Source)
	at java.lang.Thread.run(Unknown Source)
]]>
            </full-stacktrace>
          </exception> <!-- java.net.ConnectException -->
          <reporter-output>
            <line>
              <![CDATA[&emsp;<div class="test-title"> <strong><font size = "3" color = "#000080">Making payment using Ingenico Hosted Checkout service for registered customers[Chrome ]</font> </strong> </div>&emsp;<div><strong>Steps:</strong></div><!-- Report -->&emsp;]]>
            </line>
            <line>
              <![CDATA[<div class="test-event"> <font color="maroon"> <small> &emsp; &emsp;--- 30 Jul 13:37:40 118 - <b>1</b> - Driver::initialize::Get - com.genric.support.WebDriverFactory.get(WebDriverFactory.java:523)</small> </font> </div>]]>
            </line>
            <line>
              <![CDATA[<div class="test-event"> <font color="maroon"> <small> &emsp; &emsp;--- 30 Jul 13:37:40 287 - Page URL:: data:,</small> </font> </div>]]>
            </line>
            <line>
              <![CDATA[<div class="test-message">&emsp;Login page Launched successfully!! &emsp;<a href=".\ScreenShot\TcHostedCheckout001_1.png" target="_blank" >[ScreenShot]</a></div>]]>
            </line>
            <line>
              <![CDATA[<div class="test-event"> <font color="maroon"> <small> &emsp; &emsp;--- 30 Jul 13:37:44 255 - Page URL:: https://sandbox.account.ingenico.com/#/login</small> </font> </div>]]>
            </line>
            <line>
              <![CDATA[<div class="test-event"> <font color="maroon"> <small> &emsp; &emsp;--- 30 Jul 13:37:44 326 - Page URL:: https://sandbox.account.ingenico.com/#/login</small> </font> </div>]]>
            </line>
            <line>
              <![CDATA[<div class="test-event"> <font color="maroon"> <small> &emsp; &emsp;--- 30 Jul 13:37:44 525 - Element is displayed:: [[RemoteWebDriver: chrome on XP (f1355d3ed52d8a31e49cd3d8faf5c4c1)] -> css selector: button[ng-click='login()']]</small> </font> </div>]]>
            </line>
            <line>
              <![CDATA[<div class="test-message">&emsp;Step 1. Ingenico login page loaded successfully!! &emsp;<a href=".\ScreenShot\TcHostedCheckout001_2.png" target="_blank" >[ScreenShot]</a></div>]]>
            </line>
            <line>
              <![CDATA[<div class="test-event"> <font color="maroon"> <small> &emsp; &emsp;--- 30 Jul 13:37:44 999 - Page URL:: https://sandbox.account.ingenico.com/#/login</small> </font> </div>]]>
            </line>
            <line>
              <![CDATA[<div class="test-event"> <font color="maroon"> <small> &emsp; &emsp;--- 30 Jul 13:37:45 106 - Element is displayed:: [[RemoteWebDriver: chrome on XP (f1355d3ed52d8a31e49cd3d8faf5c4c1)] -> css selector: input[id='loginName']]</small> </font> </div>]]>
            </line>
            <line>
              <![CDATA[<div class="test-message">&emsp;Username entered in username field is: lakshmi.nagandla@aspiresys.com</div>]]>
            </line>
            <line>
              <![CDATA[<div class="test-event"> <font color="maroon"> <small> &emsp; &emsp;--- 30 Jul 13:37:45 478 - Element is displayed:: [[RemoteWebDriver: chrome on XP (f1355d3ed52d8a31e49cd3d8faf5c4c1)] -> css selector: input[id='loginPassword']]</small> </font> </div>]]>
            </line>
            <line>
              <![CDATA[<div class="test-message">&emsp;Password entered in password field is: May@2018</div>]]>
            </line>
            <line>
              <![CDATA[<div class="test-event"> <font color="maroon"> <small> &emsp; &emsp;--- 30 Jul 13:37:45 750 - Element is displayed:: [[RemoteWebDriver: chrome on XP (f1355d3ed52d8a31e49cd3d8faf5c4c1)] -> css selector: button[ng-click='login()']]</small> </font> </div>]]>
            </line>
            <line>
              <![CDATA[<div class="test-event"> <font color="maroon"> <small> &emsp; &emsp;--- 30 Jul 13:37:45 905 - Page URL:: https://sandbox.account.ingenico.com/#/login</small> </font> </div>]]>
            </line>
            <line>
              <![CDATA[<div class="test-message">&emsp;Loign button is clicked:</div>]]>
            </line>
            <line>
              <![CDATA[<div class="test-event"> <font color="maroon"> <small> &emsp; &emsp;--- 30 Jul 13:37:45 964 - Page URL:: https://sandbox.account.ingenico.com/#/login</small> </font> </div>]]>
            </line>
            <line>
              <![CDATA[<div class="test-message">&emsp;Dashboard page Launched successfully!! &emsp;<a href=".\ScreenShot\TcHostedCheckout001_3.png" target="_blank" >[ScreenShot]</a></div>]]>
            </line>
            <line>
              <![CDATA[<div class="test-message">&emsp;Step 2. Dashboard page displayed after login into ingenico with valid credentials!!&emsp;<a href=".\ScreenShot\TcHostedCheckout001_4.png" target="_blank" >[ScreenShot]</a></div>]]>
            </line>
            <line>
              <![CDATA[<div class="test-event"> <font color="maroon"> <small> &emsp; &emsp;--- 30 Jul 13:37:46 900 - Element is displayed:: [[RemoteWebDriver: chrome on XP (f1355d3ed52d8a31e49cd3d8faf5c4c1)] -> css selector: a[href*='apikey']]</small> </font> </div>]]>
            </line>
            <line>
              <![CDATA[<div class="test-message">&emsp;MyAPIKey link is clicked:</div>]]>
            </line>
            <line>
              <![CDATA[<div class="test-event"> <font color="maroon"> <small> &emsp; &emsp;--- 30 Jul 13:37:47 145 - Page URL:: https://sandbox.account.ingenico.com/#/account/apikey</small> </font> </div>]]>
            </line>
            <line>
              <![CDATA[<div class="test-message">&emsp;API Keys page Launched successfully!! &emsp;<a href=".\ScreenShot\TcHostedCheckout001_5.png" target="_blank" >[ScreenShot]</a></div>]]>
            </line>
            <line>
              <![CDATA[<div class="test-event"> <font color="maroon"> <small> &emsp; &emsp;--- 30 Jul 13:37:47 616 - Page URL:: https://sandbox.account.ingenico.com/#/account/apikey</small> </font> </div>]]>
            </line>
            <line>
              <![CDATA[<div class="test-event"> <font color="maroon"> <small> &emsp; &emsp;--- 30 Jul 13:37:47 718 - Page URL:: https://sandbox.account.ingenico.com/#/account/apikey</small> </font> </div>]]>
            </line>
            <line>
              <![CDATA[<div class="test-message">&emsp;Step 3. Able to view APIKey: 104c4a7dc55f4cca SeceretKey: LcvgwvmFNt01UNvFsgQG3S94rUd5fgKnSVpL1732UBQ= successfully!! &emsp;<a href=".\ScreenShot\TcHostedCheckout001_6.png" target="_blank" >[ScreenShot]</a></div>]]>
            </line>
            <line>
              <![CDATA[<div class="test-message">&emsp;The Created Authentication Signature  :GCS v1HMAC:104c4a7dc55f4cca:SlKeGvsaRNK54vWEnoFeizXfQrgArZlpTHsLBAzxnVs=</div>]]>
            </line>
            <line>
              <![CDATA[&emsp;<div class="test-title"> <strong><font size = "3" color = "#000080"></font> </strong> </div>&emsp;<div><strong>Steps:</strong></div>&emsp;]]>
            </line>
            <line>
              <![CDATA[<div class="test-message">&emsp;Request URI is =>  https://api-sandbox.globalcollect.com/v1/2270/hostedcheckouts</div>]]>
            </line>
            <line>
              <![CDATA[<div class="test-message">&emsp;Request URI is =>  https://api-sandbox.globalcollect.com/v1/2270/hostedcheckouts</div>]]>
            </line>
            <line>
              <![CDATA[<div class="test-message">&emsp;Request Headers Are:</div>]]>
            </line>
            <line>
              <![CDATA[<div class="test-message">&emsp;Request Headers Are:</div>]]>
            </line>
            <line>
              <![CDATA[<div class="test-message">&emsp;Authorization:GCS v1HMAC:104c4a7dc55f4cca:SlKeGvsaRNK54vWEnoFeizXfQrgArZlpTHsLBAzxnVs=</div>]]>
            </line>
            <line>
              <![CDATA[<div class="test-message">&emsp;Authorization:GCS v1HMAC:104c4a7dc55f4cca:SlKeGvsaRNK54vWEnoFeizXfQrgArZlpTHsLBAzxnVs=</div>]]>
            </line>
            <line>
              <![CDATA[<div class="test-message">&emsp;X-GCS-RequestId:1cc6daff-a305-4d7b-94b0-c580fd5ba6b4</div>]]>
            </line>
            <line>
              <![CDATA[<div class="test-message">&emsp;X-GCS-RequestId:1cc6daff-a305-4d7b-94b0-c580fd5ba6b4</div>]]>
            </line>
            <line>
              <![CDATA[<div class="test-message">&emsp;Content-Type:application/json; charset=utf-8</div>]]>
            </line>
            <line>
              <![CDATA[<div class="test-message">&emsp;Content-Type:application/json; charset=utf-8</div>]]>
            </line>
            <line>
              <![CDATA[<div class="test-message">&emsp;X-GCS-MessageId:6480071e-039d-4dca-a966-4ce3c1bc201b</div>]]>
            </line>
            <line>
              <![CDATA[<div class="test-message">&emsp;X-GCS-MessageId:6480071e-039d-4dca-a966-4ce3c1bc201b</div>]]>
            </line>
            <line>
              <![CDATA[<div class="test-message">&emsp;Date:Mon, 30 Jul 2018 08:07:36 GMT</div>]]>
            </line>
            <line>
              <![CDATA[<div class="test-message">&emsp;Date:Mon, 30 Jul 2018 08:07:36 GMT</div>]]>
            </line>
            <line>
              <![CDATA[<div class="test-message">&emsp;Request Body is =>  {
  "order" : {
    "customer" : {
      "merchantCustomerId" : 2281,
      "billingAddress" : {
        "countryCode" : "NL"
      }
    },
    "amountOfMoney" : {
      "currencyCode" : "EUR",
      "amount" : 100
    }
  },
  "hostedCheckoutSpecificInput" : {
    "variant" : "testVariant",
    "locale" : "en_GB"
  }
}</div>]]>
            </line>
            <line>
              <![CDATA[<div class="test-message">&emsp;Request Body is =>  {
  "order" : {
    "customer" : {
      "merchantCustomerId" : 2281,
      "billingAddress" : {
        "countryCode" : "NL"
      }
    },
    "amountOfMoney" : {
      "currencyCode" : "EUR",
      "amount" : 100
    }
  },
  "hostedCheckoutSpecificInput" : {
    "variant" : "testVariant",
    "locale" : "en_GB"
  }
}</div>]]>
            </line>
            <line>
              <![CDATA[<div class="test-result"><br><font color="red"><strong> Connection refused: connect </strong></font> <a href=".\ScreenShot\TcHostedCheckout001_7.png" target="_blank" >[ScreenShot]</a></div>&emsp;]]>
            </line>
          </reporter-output>
        </test-method> <!-- TcHostedCheckout001 -->
        <test-method status="PASS" signature="afterMethod(org.testng.ITestContext)[pri:0, instance:com.igenico.testscripts.IngenicoPayment_CheckOutService@401e7803]" name="afterMethod" is-config="true" duration-ms="1" started-at="2018-07-30T08:07:52Z" finished-at="2018-07-30T08:07:52Z">
          <params>
            <param index="0">
              <value>
                <![CDATA[org.testng.TestRunner@72c77392]]>
              </value>
            </param>
          </params>
          <reporter-output>
          </reporter-output>
        </test-method> <!-- afterMethod -->
        <test-method status="PASS" signature="afterSuite()[pri:0, instance:com.igenico.testscripts.IngenicoPayment_CheckOutService@401e7803]" name="afterSuite" is-config="true" duration-ms="260" started-at="2018-07-30T08:07:52Z" finished-at="2018-07-30T08:07:53Z">
          <reporter-output>
          </reporter-output>
        </test-method> <!-- afterSuite -->
      </class> <!-- com.igenico.testscripts.IngenicoPayment_CheckOutService -->
    </test> <!-- Aspire TA Generic Framework -->
  </suite> <!-- AFTA_DEMO -->
</testng-results>
